<?xml version="1.0" encoding="UTF-8" ?>
<testsuite tests="6" failures="0" name="br.ce.wcaquino.runners.RunnerTest" time="0.11" errors="0" skipped="0">
  <properties>
    <property name="java.runtime.name" value="OpenJDK Runtime Environment"/>
    <property name="java.vm.version" value="11.0.10+9"/>
    <property name="sun.boot.library.path" value="/home/lmelo/.sdkman/candidates/java/11.0.10.hs-adpt/lib"/>
    <property name="maven.multiModuleProjectDirectory" value="/home/lmelo/desenv/javasrc/TestesComJava/BddCucumber/ws-curso-bdd-cucumber/cap3_bdd_com_teste_unitario/aula26_testes_terminal/CursoCucumber"/>
    <property name="java.vm.vendor" value="AdoptOpenJDK"/>
    <property name="java.vendor.url" value="https://adoptopenjdk.net/"/>
    <property name="guice.disable.misplaced.annotation.check" value="true"/>
    <property name="path.separator" value=":"/>
    <property name="java.vm.name" value="OpenJDK 64-Bit Server VM"/>
    <property name="sun.os.patch.level" value="unknown"/>
    <property name="user.country" value="BR"/>
    <property name="sun.java.launcher" value="SUN_STANDARD"/>
    <property name="java.vm.specification.name" value="Java Virtual Machine Specification"/>
    <property name="user.dir" value="/home/lmelo/desenv/javasrc/TestesComJava/BddCucumber/ws-curso-bdd-cucumber/cap3_bdd_com_teste_unitario/aula26_testes_terminal/CursoCucumber"/>
    <property name="java.vm.compressedOopsMode" value="Zero based"/>
    <property name="java.runtime.version" value="11.0.10+9"/>
    <property name="java.awt.graphicsenv" value="sun.awt.X11GraphicsEnvironment"/>
    <property name="os.arch" value="amd64"/>
    <property name="java.io.tmpdir" value="/tmp"/>
    <property name="line.separator" value="
"/>
    <property name="java.vm.specification.vendor" value="Oracle Corporation"/>
    <property name="os.name" value="Linux"/>
    <property name="classworlds.conf" value="/home/lmelo/.sdkman/candidates/maven/current/bin/m2.conf"/>
    <property name="sun.jnu.encoding" value="UTF-8"/>
    <property name="java.library.path" value="/usr/java/packages/lib:/usr/lib64:/lib64:/lib:/usr/lib"/>
    <property name="maven.conf" value="/home/lmelo/.sdkman/candidates/maven/current/conf"/>
    <property name="jdk.debug" value="release"/>
    <property name="java.class.version" value="55.0"/>
    <property name="java.specification.name" value="Java Platform API Specification"/>
    <property name="sun.management.compiler" value="HotSpot 64-Bit Tiered Compilers"/>
    <property name="os.version" value="5.11.21-200.fc33.x86_64"/>
    <property name="library.jansi.path" value="/home/lmelo/.sdkman/candidates/maven/current/lib/jansi-native"/>
    <property name="user.home" value="/home/lmelo"/>
    <property name="user.timezone" value="America/Maceio"/>
    <property name="java.awt.printerjob" value="sun.print.PSPrinterJob"/>
    <property name="file.encoding" value="UTF-8"/>
    <property name="java.specification.version" value="11"/>
    <property name="user.name" value="lmelo"/>
    <property name="java.class.path" value="/home/lmelo/.sdkman/candidates/maven/current/boot/plexus-classworlds-2.6.0.jar"/>
    <property name="java.vm.specification.version" value="11"/>
    <property name="sun.arch.data.model" value="64"/>
    <property name="sun.java.command" value="org.codehaus.plexus.classworlds.launcher.Launcher test"/>
    <property name="java.home" value="/home/lmelo/.sdkman/candidates/java/11.0.10.hs-adpt"/>
    <property name="user.language" value="pt"/>
    <property name="java.specification.vendor" value="Oracle Corporation"/>
    <property name="awt.toolkit" value="sun.awt.X11.XToolkit"/>
    <property name="java.vm.info" value="mixed mode"/>
    <property name="java.version" value="11.0.10"/>
    <property name="securerandom.source" value="file:/dev/./urandom"/>
    <property name="java.vendor" value="AdoptOpenJDK"/>
    <property name="maven.home" value="/home/lmelo/.sdkman/candidates/maven/current"/>
    <property name="file.separator" value="/"/>
    <property name="java.version.date" value="2021-01-19"/>
    <property name="java.vendor.url.bug" value="https://github.com/AdoptOpenJDK/openjdk-support/issues"/>
    <property name="sun.io.unicode.encoding" value="UnicodeLittle"/>
    <property name="sun.cpu.endian" value="little"/>
    <property name="java.vendor.version" value="AdoptOpenJDK"/>
    <property name="sun.cpu.isalist" value=""/>
  </properties>
  <testcase classname="Alugar filme" name="Deve alugar um filme com sucesso" time="0.065"/>
  <testcase classname="Alugar filme" name="Não deve alugar filme sem estoque" time="0.004"/>
  <testcase classname="Alugar filme" name="Deve das condições conforme tipo de aluguel" time="0.013"/>
  <testcase classname="Alugar filme" name="Deve das condições conforme tipo de aluguel" time="0.01"/>
  <testcase classname="Alugar filme" name="Deve das condições conforme tipo de aluguel" time="0.01"/>
  <testcase classname="Alugar filme" name="Deve das condições conforme tipo de aluguel" time="0.008"/>
</testsuite>